Determining if the pthread_create exist failed with the following output:
Change Dir: /home/marscat/Desktop/ethereum/aleth/cmake/CMakeFiles/CMakeTmp

Run Build Command:"/usr/bin/make" "cmTC_56dc6/fast"
/usr/bin/make -f CMakeFiles/cmTC_56dc6.dir/build.make CMakeFiles/cmTC_56dc6.dir/build
make[1]: 进入目录“/home/marscat/Desktop/ethereum/aleth/cmake/CMakeFiles/CMakeTmp”
Building C object CMakeFiles/cmTC_56dc6.dir/CheckSymbolExists.c.o
/usr/bin/cc   -fPIE   -o CMakeFiles/cmTC_56dc6.dir/CheckSymbolExists.c.o   -c /home/marscat/Desktop/ethereum/aleth/cmake/CMakeFiles/CMakeTmp/CheckSymbolExists.c
Linking C executable cmTC_56dc6
/usr/bin/cmake -E cmake_link_script CMakeFiles/cmTC_56dc6.dir/link.txt --verbose=1
/usr/bin/cc      CMakeFiles/cmTC_56dc6.dir/CheckSymbolExists.c.o  -o cmTC_56dc6 
/usr/bin/ld: CMakeFiles/cmTC_56dc6.dir/CheckSymbolExists.c.o: in function `main':
CheckSymbolExists.c:(.text+0x1b): undefined reference to `pthread_create'
collect2: error: ld returned 1 exit status
make[1]: *** [CMakeFiles/cmTC_56dc6.dir/build.make:87：cmTC_56dc6] 错误 1
make[1]: 离开目录“/home/marscat/Desktop/ethereum/aleth/cmake/CMakeFiles/CMakeTmp”
make: *** [Makefile:121：cmTC_56dc6/fast] 错误 2

File /home/marscat/Desktop/ethereum/aleth/cmake/CMakeFiles/CMakeTmp/CheckSymbolExists.c:
/* */
#include <pthread.h>

int main(int argc, char** argv)
{
  (void)argv;
#ifndef pthread_create
  return ((int*)(&pthread_create))[argc];
#else
  (void)argc;
  return 0;
#endif
}

Determining if the function pthread_create exists in the pthreads failed with the following output:
Change Dir: /home/marscat/Desktop/ethereum/aleth/cmake/CMakeFiles/CMakeTmp

Run Build Command:"/usr/bin/make" "cmTC_0621a/fast"
/usr/bin/make -f CMakeFiles/cmTC_0621a.dir/build.make CMakeFiles/cmTC_0621a.dir/build
make[1]: 进入目录“/home/marscat/Desktop/ethereum/aleth/cmake/CMakeFiles/CMakeTmp”
Building C object CMakeFiles/cmTC_0621a.dir/CheckFunctionExists.c.o
/usr/bin/cc   -DCHECK_FUNCTION_EXISTS=pthread_create -fPIE   -o CMakeFiles/cmTC_0621a.dir/CheckFunctionExists.c.o   -c /usr/share/cmake-3.13/Modules/CheckFunctionExists.c
Linking C executable cmTC_0621a
/usr/bin/cmake -E cmake_link_script CMakeFiles/cmTC_0621a.dir/link.txt --verbose=1
/usr/bin/cc  -DCHECK_FUNCTION_EXISTS=pthread_create    CMakeFiles/cmTC_0621a.dir/CheckFunctionExists.c.o  -o cmTC_0621a -lpthreads 
/usr/bin/ld: 找不到 -lpthreads
collect2: error: ld returned 1 exit status
make[1]: *** [CMakeFiles/cmTC_0621a.dir/build.make:87：cmTC_0621a] 错误 1
make[1]: 离开目录“/home/marscat/Desktop/ethereum/aleth/cmake/CMakeFiles/CMakeTmp”
make: *** [Makefile:121：cmTC_0621a/fast] 错误 2


